{"numFailedTestSuites":1,"numFailedTests":2,"numPassedTestSuites":12,"numPassedTests":70,"numPendingTestSuites":0,"numPendingTests":0,"numRuntimeErrorTestSuites":0,"numTodoTests":0,"numTotalTestSuites":13,"numTotalTests":72,"openHandles":[],"snapshot":{"added":0,"didUpdate":false,"failure":false,"filesAdded":0,"filesRemoved":0,"filesRemovedList":[],"filesUnmatched":0,"filesUpdated":0,"matched":0,"total":0,"unchecked":0,"uncheckedKeysByFile":[],"unmatched":0,"updated":0},"startTime":1764616055622,"success":false,"testResults":[{"assertionResults":[{"ancestorTitles":["Resilience Service"],"duration":3,"failing":false,"failureDetails":[],"failureMessages":[],"fullName":"Resilience Service does not update resilience if ratedWeavesCount is less than 5","invocations":1,"location":null,"numPassingAsserts":1,"retryReasons":[],"startAt":1764616056676,"status":"passed","title":"does not update resilience if ratedWeavesCount is less than 5"},{"ancestorTitles":["Resilience Service"],"duration":0,"failing":false,"failureDetails":[],"failureMessages":[],"fullName":"Resilience Service does not update resilience if vibe is null","invocations":1,"location":null,"numPassingAsserts":1,"retryReasons":[],"startAt":1764616056680,"status":"passed","title":"does not update resilience if vibe is null"},{"ancestorTitles":["Resilience Service"],"duration":0,"failing":false,"failureDetails":[],"failureMessages":[],"fullName":"Resilience Service increases resilience for a positive vibe (FullMoon)","invocations":1,"location":null,"numPassingAsserts":1,"retryReasons":[],"startAt":1764616056680,"status":"passed","title":"increases resilience for a positive vibe (FullMoon)"},{"ancestorTitles":["Resilience Service"],"duration":0,"failing":false,"failureDetails":[],"failureMessages":[],"fullName":"Resilience Service increases resilience for a positive vibe (WaxingGibbous)","invocations":1,"location":null,"numPassingAsserts":1,"retryReasons":[],"startAt":1764616056680,"status":"passed","title":"increases resilience for a positive vibe (WaxingGibbous)"},{"ancestorTitles":["Resilience Service"],"duration":0,"failing":false,"failureDetails":[],"failureMessages":[],"fullName":"Resilience Service decreases resilience for a negative vibe (NewMoon)","invocations":1,"location":null,"numPassingAsserts":1,"retryReasons":[],"startAt":1764616056680,"status":"passed","title":"decreases resilience for a negative vibe (NewMoon)"},{"ancestorTitles":["Resilience Service"],"duration":0,"failing":false,"failureDetails":[],"failureMessages":[],"fullName":"Resilience Service does not change resilience for neutral vibes","invocations":1,"location":null,"numPassingAsserts":1,"retryReasons":[],"startAt":1764616056680,"status":"passed","title":"does not change resilience for neutral vibes"},{"ancestorTitles":["Resilience Service"],"duration":1,"failing":false,"failureDetails":[],"failureMessages":[],"fullName":"Resilience Service clamps the resilience score at the maximum of 1.5","invocations":1,"location":null,"numPassingAsserts":1,"retryReasons":[],"startAt":1764616056680,"status":"passed","title":"clamps the resilience score at the maximum of 1.5"},{"ancestorTitles":["Resilience Service"],"duration":0,"failing":false,"failureDetails":[],"failureMessages":[],"fullName":"Resilience Service clamps the resilience score at the minimum of 0.8","invocations":1,"location":null,"numPassingAsserts":1,"retryReasons":[],"startAt":1764616056681,"status":"passed","title":"clamps the resilience score at the minimum of 0.8"},{"ancestorTitles":["Resilience Service"],"duration":0,"failing":false,"failureDetails":[],"failureMessages":[],"fullName":"Resilience Service returns null if the resilience does not change after calculation","invocations":1,"location":null,"numPassingAsserts":1,"retryReasons":[],"startAt":1764616056681,"status":"passed","title":"returns null if the resilience does not change after calculation"}],"endTime":1764616056682,"message":"","name":"/Users/DITcart/Desktop/Programs/WeaveNative/src/modules/intelligence/__tests__/resilience.service.test.ts","startTime":1764616056230,"status":"passed","summary":""},{"assertionResults":[{"ancestorTitles":["SuggestionStorageService","getDismissedSuggestions"],"duration":4,"failing":false,"failureDetails":[],"failureMessages":[],"fullName":"SuggestionStorageService getDismissedSuggestions should return empty map if no data","invocations":1,"location":null,"numPassingAsserts":1,"retryReasons":[],"startAt":1764616056684,"status":"passed","title":"should return empty map if no data"},{"ancestorTitles":["SuggestionStorageService","getDismissedSuggestions"],"duration":0,"failing":false,"failureDetails":[],"failureMessages":[],"fullName":"SuggestionStorageService getDismissedSuggestions should return active dismissals and filter expired ones","invocations":1,"location":null,"numPassingAsserts":4,"retryReasons":[],"startAt":1764616056688,"status":"passed","title":"should return active dismissals and filter expired ones"},{"ancestorTitles":["SuggestionStorageService","dismissSuggestion"],"duration":0,"failing":false,"failureDetails":[],"failureMessages":[],"fullName":"SuggestionStorageService dismissSuggestion should add dismissal","invocations":1,"location":null,"numPassingAsserts":1,"retryReasons":[],"startAt":1764616056689,"status":"passed","title":"should add dismissal"}],"endTime":1764616056689,"message":"","name":"/Users/DITcart/Desktop/Programs/WeaveNative/src/modules/interactions/services/__tests__/suggestion-storage.service.test.ts","startTime":1764616056219,"status":"passed","summary":""},{"assertionResults":[{"ancestorTitles":["friend.service"],"duration":19,"failing":false,"failureDetails":[{}],"failureMessages":["TypeError: _db.database.get(...).prepareCreate is not a function\n    at prepareCreate (/Users/DITcart/Desktop/Programs/WeaveNative/src/modules/relationships/services/friend.service.ts:17:51)\n    at Generator.next (<anonymous>)\n    at asyncGeneratorStep (/Users/DITcart/Desktop/Programs/WeaveNative/node_modules/@babel/runtime/helpers/asyncToGenerator.js:3:17)\n    at _next (/Users/DITcart/Desktop/Programs/WeaveNative/node_modules/@babel/runtime/helpers/asyncToGenerator.js:17:9)\n    at /Users/DITcart/Desktop/Programs/WeaveNative/node_modules/@babel/runtime/helpers/asyncToGenerator.js:22:7\n    at new Promise (<anonymous>)\n    at /Users/DITcart/Desktop/Programs/WeaveNative/node_modules/@babel/runtime/helpers/asyncToGenerator.js:14:12\n    at Object.fn (/Users/DITcart/Desktop/Programs/WeaveNative/src/modules/relationships/services/__tests__/friend.service.test.ts:35:40)\n    at Generator.next (<anonymous>)\n    at asyncGeneratorStep (/Users/DITcart/Desktop/Programs/WeaveNative/node_modules/@babel/runtime/helpers/asyncToGenerator.js:3:17)\n    at _next (/Users/DITcart/Desktop/Programs/WeaveNative/node_modules/@babel/runtime/helpers/asyncToGenerator.js:17:9)\n    at /Users/DITcart/Desktop/Programs/WeaveNative/node_modules/@babel/runtime/helpers/asyncToGenerator.js:22:7\n    at new Promise (<anonymous>)\n    at Object.<anonymous> (/Users/DITcart/Desktop/Programs/WeaveNative/node_modules/@babel/runtime/helpers/asyncToGenerator.js:14:12)\n    at Object.apply (/Users/DITcart/Desktop/Programs/WeaveNative/src/modules/relationships/services/__tests__/friend.service.test.ts:35:44)\n    at /Users/DITcart/Desktop/Programs/WeaveNative/node_modules/jest-mock/build/index.js:397:39\n    at Object.<anonymous> (/Users/DITcart/Desktop/Programs/WeaveNative/node_modules/jest-mock/build/index.js:404:13)\n    at Object.mockConstructor [as write] (/Users/DITcart/Desktop/Programs/WeaveNative/node_modules/jest-mock/build/index.js:103:19)\n    at write (/Users/DITcart/Desktop/Programs/WeaveNative/src/modules/relationships/services/friend.service.ts:14:20)\n    at Generator.next (<anonymous>)\n    at asyncGeneratorStep (/Users/DITcart/Desktop/Programs/WeaveNative/node_modules/@babel/runtime/helpers/asyncToGenerator.js:3:17)\n    at _next (/Users/DITcart/Desktop/Programs/WeaveNative/node_modules/@babel/runtime/helpers/asyncToGenerator.js:17:9)\n    at /Users/DITcart/Desktop/Programs/WeaveNative/node_modules/@babel/runtime/helpers/asyncToGenerator.js:22:7\n    at new Promise (<anonymous>)\n    at /Users/DITcart/Desktop/Programs/WeaveNative/node_modules/@babel/runtime/helpers/asyncToGenerator.js:14:12\n    at apply (/Users/DITcart/Desktop/Programs/WeaveNative/src/modules/relationships/services/friend.service.ts:67:2)\n    at apply (/Users/DITcart/Desktop/Programs/WeaveNative/src/modules/relationships/services/friend.service.ts:11:35)\n    at Object.<anonymous> (/Users/DITcart/Desktop/Programs/WeaveNative/src/modules/relationships/services/__tests__/friend.service.test.ts:81:23)\n    at Generator.next (<anonymous>)\n    at asyncGeneratorStep (/Users/DITcart/Desktop/Programs/WeaveNative/node_modules/@babel/runtime/helpers/asyncToGenerator.js:3:17)\n    at _next (/Users/DITcart/Desktop/Programs/WeaveNative/node_modules/@babel/runtime/helpers/asyncToGenerator.js:17:9)\n    at /Users/DITcart/Desktop/Programs/WeaveNative/node_modules/@babel/runtime/helpers/asyncToGenerator.js:22:7\n    at new Promise (<anonymous>)\n    at Object.<anonymous> (/Users/DITcart/Desktop/Programs/WeaveNative/node_modules/@babel/runtime/helpers/asyncToGenerator.js:14:12)\n    at Promise.finally.completed (/Users/DITcart/Desktop/Programs/WeaveNative/node_modules/jest-circus/build/jestAdapterInit.js:1557:28)\n    at new Promise (<anonymous>)\n    at callAsyncCircusFn (/Users/DITcart/Desktop/Programs/WeaveNative/node_modules/jest-circus/build/jestAdapterInit.js:1497:10)\n    at _callCircusTest (/Users/DITcart/Desktop/Programs/WeaveNative/node_modules/jest-circus/build/jestAdapterInit.js:1007:40)\n    at processTicksAndRejections (node:internal/process/task_queues:103:5)\n    at _runTest (/Users/DITcart/Desktop/Programs/WeaveNative/node_modules/jest-circus/build/jestAdapterInit.js:947:3)\n    at /Users/DITcart/Desktop/Programs/WeaveNative/node_modules/jest-circus/build/jestAdapterInit.js:849:7\n    at _runTestsForDescribeBlock (/Users/DITcart/Desktop/Programs/WeaveNative/node_modules/jest-circus/build/jestAdapterInit.js:862:11)\n    at _runTestsForDescribeBlock (/Users/DITcart/Desktop/Programs/WeaveNative/node_modules/jest-circus/build/jestAdapterInit.js:857:11)\n    at run (/Users/DITcart/Desktop/Programs/WeaveNative/node_modules/jest-circus/build/jestAdapterInit.js:761:3)\n    at runAndTransformResultsToJestFormat (/Users/DITcart/Desktop/Programs/WeaveNative/node_modules/jest-circus/build/jestAdapterInit.js:1918:21)\n    at jestAdapter (/Users/DITcart/Desktop/Programs/WeaveNative/node_modules/jest-circus/build/runner.js:101:19)\n    at runTestInternal (/Users/DITcart/Desktop/Programs/WeaveNative/node_modules/jest-runner/build/testWorker.js:275:16)\n    at runTest (/Users/DITcart/Desktop/Programs/WeaveNative/node_modules/jest-runner/build/testWorker.js:343:7)\n    at Object.worker (/Users/DITcart/Desktop/Programs/WeaveNative/node_modules/jest-runner/build/testWorker.js:497:12)"],"fullName":"friend.service should create a new friend and update user progress","invocations":1,"location":null,"numPassingAsserts":0,"retryReasons":[],"startAt":1764616056734,"status":"failed","title":"should create a new friend and update user progress"},{"ancestorTitles":["friend.service"],"duration":1,"failing":false,"failureDetails":[],"failureMessages":[],"fullName":"friend.service should update a friend","invocations":1,"location":null,"numPassingAsserts":3,"retryReasons":[],"startAt":1764616056754,"status":"passed","title":"should update a friend"},{"ancestorTitles":["friend.service"],"duration":8,"failing":false,"failureDetails":[],"failureMessages":[],"fullName":"friend.service should delete a friend and their photo","invocations":1,"location":null,"numPassingAsserts":4,"retryReasons":[],"startAt":1764616056755,"status":"passed","title":"should delete a friend and their photo"},{"ancestorTitles":["friend.service"],"duration":1,"failing":false,"failureDetails":[{}],"failureMessages":["TypeError: _db.database.get(...).prepareCreate is not a function\n    at prepareCreate (/Users/DITcart/Desktop/Programs/WeaveNative/src/modules/relationships/services/friend.service.ts:121:59)\n    at _loop.next (<anonymous>)\n    at _loop (/Users/DITcart/Desktop/Programs/WeaveNative/src/modules/relationships/services/friend.service.ts:120:37)\n    at Generator.next (<anonymous>)\n    at asyncGeneratorStep (/Users/DITcart/Desktop/Programs/WeaveNative/node_modules/@babel/runtime/helpers/asyncToGenerator.js:3:17)\n    at _next (/Users/DITcart/Desktop/Programs/WeaveNative/node_modules/@babel/runtime/helpers/asyncToGenerator.js:17:9)\n    at /Users/DITcart/Desktop/Programs/WeaveNative/node_modules/@babel/runtime/helpers/asyncToGenerator.js:22:7\n    at new Promise (<anonymous>)\n    at /Users/DITcart/Desktop/Programs/WeaveNative/node_modules/@babel/runtime/helpers/asyncToGenerator.js:14:12\n    at Object.fn (/Users/DITcart/Desktop/Programs/WeaveNative/src/modules/relationships/services/__tests__/friend.service.test.ts:35:40)\n    at Generator.next (<anonymous>)\n    at asyncGeneratorStep (/Users/DITcart/Desktop/Programs/WeaveNative/node_modules/@babel/runtime/helpers/asyncToGenerator.js:3:17)\n    at _next (/Users/DITcart/Desktop/Programs/WeaveNative/node_modules/@babel/runtime/helpers/asyncToGenerator.js:17:9)\n    at /Users/DITcart/Desktop/Programs/WeaveNative/node_modules/@babel/runtime/helpers/asyncToGenerator.js:22:7\n    at new Promise (<anonymous>)\n    at Object.<anonymous> (/Users/DITcart/Desktop/Programs/WeaveNative/node_modules/@babel/runtime/helpers/asyncToGenerator.js:14:12)\n    at Object.apply (/Users/DITcart/Desktop/Programs/WeaveNative/src/modules/relationships/services/__tests__/friend.service.test.ts:35:44)\n    at /Users/DITcart/Desktop/Programs/WeaveNative/node_modules/jest-mock/build/index.js:397:39\n    at Object.<anonymous> (/Users/DITcart/Desktop/Programs/WeaveNative/node_modules/jest-mock/build/index.js:404:13)\n    at Object.mockConstructor [as write] (/Users/DITcart/Desktop/Programs/WeaveNative/node_modules/jest-mock/build/index.js:103:19)\n    at write (/Users/DITcart/Desktop/Programs/WeaveNative/src/modules/relationships/services/friend.service.ts:117:20)\n    at Generator.next (<anonymous>)\n    at asyncGeneratorStep (/Users/DITcart/Desktop/Programs/WeaveNative/node_modules/@babel/runtime/helpers/asyncToGenerator.js:3:17)\n    at _next (/Users/DITcart/Desktop/Programs/WeaveNative/node_modules/@babel/runtime/helpers/asyncToGenerator.js:17:9)\n    at /Users/DITcart/Desktop/Programs/WeaveNative/node_modules/@babel/runtime/helpers/asyncToGenerator.js:22:7\n    at new Promise (<anonymous>)\n    at /Users/DITcart/Desktop/Programs/WeaveNative/node_modules/@babel/runtime/helpers/asyncToGenerator.js:14:12\n    at apply (/Users/DITcart/Desktop/Programs/WeaveNative/src/modules/relationships/services/friend.service.ts:169:2)\n    at apply (/Users/DITcart/Desktop/Programs/WeaveNative/src/modules/relationships/services/friend.service.ts:114:38)\n    at Object.<anonymous> (/Users/DITcart/Desktop/Programs/WeaveNative/src/modules/relationships/services/__tests__/friend.service.test.ts:116:26)\n    at Generator.next (<anonymous>)\n    at asyncGeneratorStep (/Users/DITcart/Desktop/Programs/WeaveNative/node_modules/@babel/runtime/helpers/asyncToGenerator.js:3:17)\n    at _next (/Users/DITcart/Desktop/Programs/WeaveNative/node_modules/@babel/runtime/helpers/asyncToGenerator.js:17:9)\n    at /Users/DITcart/Desktop/Programs/WeaveNative/node_modules/@babel/runtime/helpers/asyncToGenerator.js:22:7\n    at new Promise (<anonymous>)\n    at Object.<anonymous> (/Users/DITcart/Desktop/Programs/WeaveNative/node_modules/@babel/runtime/helpers/asyncToGenerator.js:14:12)\n    at Promise.finally.completed (/Users/DITcart/Desktop/Programs/WeaveNative/node_modules/jest-circus/build/jestAdapterInit.js:1557:28)\n    at new Promise (<anonymous>)\n    at callAsyncCircusFn (/Users/DITcart/Desktop/Programs/WeaveNative/node_modules/jest-circus/build/jestAdapterInit.js:1497:10)\n    at _callCircusTest (/Users/DITcart/Desktop/Programs/WeaveNative/node_modules/jest-circus/build/jestAdapterInit.js:1007:40)\n    at processTicksAndRejections (node:internal/process/task_queues:103:5)\n    at _runTest (/Users/DITcart/Desktop/Programs/WeaveNative/node_modules/jest-circus/build/jestAdapterInit.js:947:3)\n    at /Users/DITcart/Desktop/Programs/WeaveNative/node_modules/jest-circus/build/jestAdapterInit.js:849:7\n    at _runTestsForDescribeBlock (/Users/DITcart/Desktop/Programs/WeaveNative/node_modules/jest-circus/build/jestAdapterInit.js:862:11)\n    at _runTestsForDescribeBlock (/Users/DITcart/Desktop/Programs/WeaveNative/node_modules/jest-circus/build/jestAdapterInit.js:857:11)\n    at run (/Users/DITcart/Desktop/Programs/WeaveNative/node_modules/jest-circus/build/jestAdapterInit.js:761:3)\n    at runAndTransformResultsToJestFormat (/Users/DITcart/Desktop/Programs/WeaveNative/node_modules/jest-circus/build/jestAdapterInit.js:1918:21)\n    at jestAdapter (/Users/DITcart/Desktop/Programs/WeaveNative/node_modules/jest-circus/build/runner.js:101:19)\n    at runTestInternal (/Users/DITcart/Desktop/Programs/WeaveNative/node_modules/jest-runner/build/testWorker.js:275:16)\n    at runTest (/Users/DITcart/Desktop/Programs/WeaveNative/node_modules/jest-runner/build/testWorker.js:343:7)\n    at Object.worker (/Users/DITcart/Desktop/Programs/WeaveNative/node_modules/jest-runner/build/testWorker.js:497:12)"],"fullName":"friend.service should batch add friends","invocations":1,"location":null,"numPassingAsserts":0,"retryReasons":[],"startAt":1764616056763,"status":"failed","title":"should batch add friends"}],"endTime":1764616056780,"message":"\u001b[1m\u001b[31m  \u001b[1m● \u001b[22m\u001b[1mfriend.service › should create a new friend and update user progress\u001b[39m\u001b[22m\n\n    TypeError: _db.database.get(...).prepareCreate is not a function\n\u001b[2m\u001b[22m\n\u001b[2m    \u001b[0m \u001b[90m 15 |\u001b[39m       \u001b[36mconst\u001b[39m batchOps\u001b[33m:\u001b[39m any[] \u001b[33m=\u001b[39m []\u001b[33m;\u001b[39m\u001b[22m\n\u001b[2m     \u001b[90m 16 |\u001b[39m\u001b[22m\n\u001b[2m    \u001b[31m\u001b[1m>\u001b[22m\u001b[2m\u001b[39m\u001b[90m 17 |\u001b[39m       newFriend \u001b[33m=\u001b[39m database\u001b[33m.\u001b[39m\u001b[36mget\u001b[39m\u001b[33m<\u001b[39m\u001b[33mFriend\u001b[39m\u001b[33m>\u001b[39m(\u001b[32m'friends'\u001b[39m)\u001b[33m.\u001b[39mprepareCreate(friend \u001b[33m=>\u001b[39m {\u001b[22m\n\u001b[2m     \u001b[90m    |\u001b[39m                                                   \u001b[31m\u001b[1m^\u001b[22m\u001b[2m\u001b[39m\u001b[22m\n\u001b[2m     \u001b[90m 18 |\u001b[39m         friend\u001b[33m.\u001b[39mname \u001b[33m=\u001b[39m data\u001b[33m.\u001b[39mname\u001b[33m;\u001b[39m\u001b[22m\n\u001b[2m     \u001b[90m 19 |\u001b[39m         friend\u001b[33m.\u001b[39mdunbarTier \u001b[33m=\u001b[39m tierMap[data\u001b[33m.\u001b[39mtier] \u001b[33m||\u001b[39m \u001b[32m'Community'\u001b[39m\u001b[33m;\u001b[39m\u001b[22m\n\u001b[2m     \u001b[90m 20 |\u001b[39m         friend\u001b[33m.\u001b[39marchetype \u001b[33m=\u001b[39m data\u001b[33m.\u001b[39marchetype\u001b[33m;\u001b[39m\u001b[0m\u001b[22m\n\u001b[2m\u001b[22m\n\u001b[2m      \u001b[2mat prepareCreate (\u001b[22m\u001b[2msrc/modules/relationships/services/friend.service.ts\u001b[2m:17:51)\u001b[22m\u001b[2m\u001b[22m\n\u001b[2m      \u001b[2mat asyncGeneratorStep (\u001b[22m\u001b[2mnode_modules/@babel/runtime/helpers/asyncToGenerator.js\u001b[2m:3:17)\u001b[22m\u001b[2m\u001b[22m\n\u001b[2m      \u001b[2mat _next (\u001b[22m\u001b[2mnode_modules/@babel/runtime/helpers/asyncToGenerator.js\u001b[2m:17:9)\u001b[22m\u001b[2m\u001b[22m\n\u001b[2m      \u001b[2mat \u001b[22m\u001b[2mnode_modules/@babel/runtime/helpers/asyncToGenerator.js\u001b[2m:22:7\u001b[22m\u001b[2m\u001b[22m\n\u001b[2m      \u001b[2mat \u001b[22m\u001b[2mnode_modules/@babel/runtime/helpers/asyncToGenerator.js\u001b[2m:14:12\u001b[22m\u001b[2m\u001b[22m\n\u001b[2m      \u001b[2mat Object.fn (\u001b[22m\u001b[2m\u001b[0m\u001b[36msrc/modules/relationships/services/__tests__/friend.service.test.ts\u001b[39m\u001b[0m\u001b[2m:35:40)\u001b[22m\u001b[2m\u001b[22m\n\u001b[2m      \u001b[2mat asyncGeneratorStep (\u001b[22m\u001b[2mnode_modules/@babel/runtime/helpers/asyncToGenerator.js\u001b[2m:3:17)\u001b[22m\u001b[2m\u001b[22m\n\u001b[2m      \u001b[2mat _next (\u001b[22m\u001b[2mnode_modules/@babel/runtime/helpers/asyncToGenerator.js\u001b[2m:17:9)\u001b[22m\u001b[2m\u001b[22m\n\u001b[2m      \u001b[2mat \u001b[22m\u001b[2mnode_modules/@babel/runtime/helpers/asyncToGenerator.js\u001b[2m:22:7\u001b[22m\u001b[2m\u001b[22m\n\u001b[2m      \u001b[2mat Object.<anonymous> (\u001b[22m\u001b[2mnode_modules/@babel/runtime/helpers/asyncToGenerator.js\u001b[2m:14:12)\u001b[22m\u001b[2m\u001b[22m\n\u001b[2m      \u001b[2mat Object.apply (\u001b[22m\u001b[2m\u001b[0m\u001b[36msrc/modules/relationships/services/__tests__/friend.service.test.ts\u001b[39m\u001b[0m\u001b[2m:35:44)\u001b[22m\u001b[2m\u001b[22m\n\u001b[2m      \u001b[2mat write (\u001b[22m\u001b[2msrc/modules/relationships/services/friend.service.ts\u001b[2m:14:20)\u001b[22m\u001b[2m\u001b[22m\n\u001b[2m      \u001b[2mat asyncGeneratorStep (\u001b[22m\u001b[2mnode_modules/@babel/runtime/helpers/asyncToGenerator.js\u001b[2m:3:17)\u001b[22m\u001b[2m\u001b[22m\n\u001b[2m      \u001b[2mat _next (\u001b[22m\u001b[2mnode_modules/@babel/runtime/helpers/asyncToGenerator.js\u001b[2m:17:9)\u001b[22m\u001b[2m\u001b[22m\n\u001b[2m      \u001b[2mat \u001b[22m\u001b[2mnode_modules/@babel/runtime/helpers/asyncToGenerator.js\u001b[2m:22:7\u001b[22m\u001b[2m\u001b[22m\n\u001b[2m      \u001b[2mat \u001b[22m\u001b[2mnode_modules/@babel/runtime/helpers/asyncToGenerator.js\u001b[2m:14:12\u001b[22m\u001b[2m\u001b[22m\n\u001b[2m      \u001b[2mat apply (\u001b[22m\u001b[2msrc/modules/relationships/services/friend.service.ts\u001b[2m:67:2)\u001b[22m\u001b[2m\u001b[22m\n\u001b[2m      \u001b[2mat apply (\u001b[22m\u001b[2msrc/modules/relationships/services/friend.service.ts\u001b[2m:11:35)\u001b[22m\u001b[2m\u001b[22m\n\u001b[2m      \u001b[2mat Object.<anonymous> (\u001b[22m\u001b[2m\u001b[0m\u001b[36msrc/modules/relationships/services/__tests__/friend.service.test.ts\u001b[39m\u001b[0m\u001b[2m:81:23)\u001b[22m\u001b[2m\u001b[22m\n\u001b[2m      \u001b[2mat asyncGeneratorStep (\u001b[22m\u001b[2mnode_modules/@babel/runtime/helpers/asyncToGenerator.js\u001b[2m:3:17)\u001b[22m\u001b[2m\u001b[22m\n\u001b[2m      \u001b[2mat _next (\u001b[22m\u001b[2mnode_modules/@babel/runtime/helpers/asyncToGenerator.js\u001b[2m:17:9)\u001b[22m\u001b[2m\u001b[22m\n\u001b[2m      \u001b[2mat \u001b[22m\u001b[2mnode_modules/@babel/runtime/helpers/asyncToGenerator.js\u001b[2m:22:7\u001b[22m\u001b[2m\u001b[22m\n\u001b[2m      \u001b[2mat Object.<anonymous> (\u001b[22m\u001b[2mnode_modules/@babel/runtime/helpers/asyncToGenerator.js\u001b[2m:14:12)\u001b[22m\u001b[2m\u001b[22m\n\n\u001b[1m\u001b[31m  \u001b[1m● \u001b[22m\u001b[1mfriend.service › should batch add friends\u001b[39m\u001b[22m\n\n    TypeError: _db.database.get(...).prepareCreate is not a function\n\u001b[2m\u001b[22m\n\u001b[2m    \u001b[0m \u001b[90m 119 |\u001b[39m\u001b[22m\n\u001b[2m     \u001b[90m 120 |\u001b[39m       \u001b[36mfor\u001b[39m (\u001b[36mconst\u001b[39m contact \u001b[36mof\u001b[39m contacts) {\u001b[22m\n\u001b[2m    \u001b[31m\u001b[1m>\u001b[22m\u001b[2m\u001b[39m\u001b[90m 121 |\u001b[39m         \u001b[36mconst\u001b[39m newFriend \u001b[33m=\u001b[39m database\u001b[33m.\u001b[39m\u001b[36mget\u001b[39m\u001b[33m<\u001b[39m\u001b[33mFriend\u001b[39m\u001b[33m>\u001b[39m(\u001b[32m'friends'\u001b[39m)\u001b[33m.\u001b[39mprepareCreate(friend \u001b[33m=>\u001b[39m {\u001b[22m\n\u001b[2m     \u001b[90m     |\u001b[39m                                                           \u001b[31m\u001b[1m^\u001b[22m\u001b[2m\u001b[39m\u001b[22m\n\u001b[2m     \u001b[90m 122 |\u001b[39m           friend\u001b[33m.\u001b[39mname \u001b[33m=\u001b[39m contact\u001b[33m.\u001b[39mname\u001b[33m;\u001b[39m\u001b[22m\n\u001b[2m     \u001b[90m 123 |\u001b[39m           friend\u001b[33m.\u001b[39mdunbarTier \u001b[33m=\u001b[39m tier\u001b[33m;\u001b[39m\u001b[22m\n\u001b[2m     \u001b[90m 124 |\u001b[39m           friend\u001b[33m.\u001b[39marchetype \u001b[33m=\u001b[39m \u001b[32m'Unknown'\u001b[39m\u001b[33m;\u001b[39m\u001b[0m\u001b[22m\n\u001b[2m\u001b[22m\n\u001b[2m      \u001b[2mat prepareCreate (\u001b[22m\u001b[2msrc/modules/relationships/services/friend.service.ts\u001b[2m:121:59)\u001b[22m\u001b[2m\u001b[22m\n\u001b[2m          at _loop.next (<anonymous>)\u001b[22m\n\u001b[2m      \u001b[2mat _loop (\u001b[22m\u001b[2msrc/modules/relationships/services/friend.service.ts\u001b[2m:120:37)\u001b[22m\u001b[2m\u001b[22m\n\u001b[2m      \u001b[2mat asyncGeneratorStep (\u001b[22m\u001b[2mnode_modules/@babel/runtime/helpers/asyncToGenerator.js\u001b[2m:3:17)\u001b[22m\u001b[2m\u001b[22m\n\u001b[2m      \u001b[2mat _next (\u001b[22m\u001b[2mnode_modules/@babel/runtime/helpers/asyncToGenerator.js\u001b[2m:17:9)\u001b[22m\u001b[2m\u001b[22m\n\u001b[2m      \u001b[2mat \u001b[22m\u001b[2mnode_modules/@babel/runtime/helpers/asyncToGenerator.js\u001b[2m:22:7\u001b[22m\u001b[2m\u001b[22m\n\u001b[2m      \u001b[2mat \u001b[22m\u001b[2mnode_modules/@babel/runtime/helpers/asyncToGenerator.js\u001b[2m:14:12\u001b[22m\u001b[2m\u001b[22m\n\u001b[2m      \u001b[2mat Object.fn (\u001b[22m\u001b[2m\u001b[0m\u001b[36msrc/modules/relationships/services/__tests__/friend.service.test.ts\u001b[39m\u001b[0m\u001b[2m:35:40)\u001b[22m\u001b[2m\u001b[22m\n\u001b[2m      \u001b[2mat asyncGeneratorStep (\u001b[22m\u001b[2mnode_modules/@babel/runtime/helpers/asyncToGenerator.js\u001b[2m:3:17)\u001b[22m\u001b[2m\u001b[22m\n\u001b[2m      \u001b[2mat _next (\u001b[22m\u001b[2mnode_modules/@babel/runtime/helpers/asyncToGenerator.js\u001b[2m:17:9)\u001b[22m\u001b[2m\u001b[22m\n\u001b[2m      \u001b[2mat \u001b[22m\u001b[2mnode_modules/@babel/runtime/helpers/asyncToGenerator.js\u001b[2m:22:7\u001b[22m\u001b[2m\u001b[22m\n\u001b[2m      \u001b[2mat Object.<anonymous> (\u001b[22m\u001b[2mnode_modules/@babel/runtime/helpers/asyncToGenerator.js\u001b[2m:14:12)\u001b[22m\u001b[2m\u001b[22m\n\u001b[2m      \u001b[2mat Object.apply (\u001b[22m\u001b[2m\u001b[0m\u001b[36msrc/modules/relationships/services/__tests__/friend.service.test.ts\u001b[39m\u001b[0m\u001b[2m:35:44)\u001b[22m\u001b[2m\u001b[22m\n\u001b[2m      \u001b[2mat write (\u001b[22m\u001b[2msrc/modules/relationships/services/friend.service.ts\u001b[2m:117:20)\u001b[22m\u001b[2m\u001b[22m\n\u001b[2m      \u001b[2mat asyncGeneratorStep (\u001b[22m\u001b[2mnode_modules/@babel/runtime/helpers/asyncToGenerator.js\u001b[2m:3:17)\u001b[22m\u001b[2m\u001b[22m\n\u001b[2m      \u001b[2mat _next (\u001b[22m\u001b[2mnode_modules/@babel/runtime/helpers/asyncToGenerator.js\u001b[2m:17:9)\u001b[22m\u001b[2m\u001b[22m\n\u001b[2m      \u001b[2mat \u001b[22m\u001b[2mnode_modules/@babel/runtime/helpers/asyncToGenerator.js\u001b[2m:22:7\u001b[22m\u001b[2m\u001b[22m\n\u001b[2m      \u001b[2mat \u001b[22m\u001b[2mnode_modules/@babel/runtime/helpers/asyncToGenerator.js\u001b[2m:14:12\u001b[22m\u001b[2m\u001b[22m\n\u001b[2m      \u001b[2mat apply (\u001b[22m\u001b[2msrc/modules/relationships/services/friend.service.ts\u001b[2m:169:2)\u001b[22m\u001b[2m\u001b[22m\n\u001b[2m      \u001b[2mat apply (\u001b[22m\u001b[2msrc/modules/relationships/services/friend.service.ts\u001b[2m:114:38)\u001b[22m\u001b[2m\u001b[22m\n\u001b[2m      \u001b[2mat Object.<anonymous> (\u001b[22m\u001b[2m\u001b[0m\u001b[36msrc/modules/relationships/services/__tests__/friend.service.test.ts\u001b[39m\u001b[0m\u001b[2m:116:26)\u001b[22m\u001b[2m\u001b[22m\n\u001b[2m      \u001b[2mat asyncGeneratorStep (\u001b[22m\u001b[2mnode_modules/@babel/runtime/helpers/asyncToGenerator.js\u001b[2m:3:17)\u001b[22m\u001b[2m\u001b[22m\n\u001b[2m      \u001b[2mat _next (\u001b[22m\u001b[2mnode_modules/@babel/runtime/helpers/asyncToGenerator.js\u001b[2m:17:9)\u001b[22m\u001b[2m\u001b[22m\n\u001b[2m      \u001b[2mat \u001b[22m\u001b[2mnode_modules/@babel/runtime/helpers/asyncToGenerator.js\u001b[2m:22:7\u001b[22m\u001b[2m\u001b[22m\n\u001b[2m      \u001b[2mat Object.<anonymous> (\u001b[22m\u001b[2mnode_modules/@babel/runtime/helpers/asyncToGenerator.js\u001b[2m:14:12)\u001b[22m\u001b[2m\u001b[22m\n","name":"/Users/DITcart/Desktop/Programs/WeaveNative/src/modules/relationships/services/__tests__/friend.service.test.ts","startTime":1764616056204,"status":"failed","summary":""},{"assertionResults":[{"ancestorTitles":["Momentum Service","calculateMomentumBonus"],"duration":2,"failing":false,"failureDetails":[],"failureMessages":[],"fullName":"Momentum Service calculateMomentumBonus returns a 1.15x bonus if momentum is active","invocations":1,"location":null,"numPassingAsserts":1,"retryReasons":[],"startAt":1764616056797,"status":"passed","title":"returns a 1.15x bonus if momentum is active"},{"ancestorTitles":["Momentum Service","calculateMomentumBonus"],"duration":0,"failing":false,"failureDetails":[],"failureMessages":[],"fullName":"Momentum Service calculateMomentumBonus returns a 1.0x bonus if momentum has fully decayed","invocations":1,"location":null,"numPassingAsserts":1,"retryReasons":[],"startAt":1764616056799,"status":"passed","title":"returns a 1.0x bonus if momentum has fully decayed"},{"ancestorTitles":["Momentum Service","calculateMomentumBonus"],"duration":1,"failing":false,"failureDetails":[],"failureMessages":[],"fullName":"Momentum Service calculateMomentumBonus returns a 1.0x bonus if momentum last update is missing","invocations":1,"location":null,"numPassingAsserts":1,"retryReasons":[],"startAt":1764616056799,"status":"passed","title":"returns a 1.0x bonus if momentum last update is missing"},{"ancestorTitles":["Momentum Service","calculateMomentumBonus"],"duration":0,"failing":false,"failureDetails":[],"failureMessages":[],"fullName":"Momentum Service calculateMomentumBonus returns a 1.15x bonus on the last day of momentum","invocations":1,"location":null,"numPassingAsserts":1,"retryReasons":[],"startAt":1764616056800,"status":"passed","title":"returns a 1.15x bonus on the last day of momentum"},{"ancestorTitles":["Momentum Service","calculateMomentumBonus"],"duration":0,"failing":false,"failureDetails":[],"failureMessages":[],"fullName":"Momentum Service calculateMomentumBonus returns a 1.0x bonus the day after momentum expires","invocations":1,"location":null,"numPassingAsserts":1,"retryReasons":[],"startAt":1764616056800,"status":"passed","title":"returns a 1.0x bonus the day after momentum expires"},{"ancestorTitles":["Momentum Service","updateMomentum"],"duration":0,"failing":false,"failureDetails":[],"failureMessages":[],"fullName":"Momentum Service updateMomentum resets the momentum score to 15","invocations":1,"location":null,"numPassingAsserts":1,"retryReasons":[],"startAt":1764616056800,"status":"passed","title":"resets the momentum score to 15"},{"ancestorTitles":["Momentum Service","updateMomentum"],"duration":0,"failing":false,"failureDetails":[],"failureMessages":[],"fullName":"Momentum Service updateMomentum updates the momentumLastUpdated timestamp to the current date","invocations":1,"location":null,"numPassingAsserts":2,"retryReasons":[],"startAt":1764616056800,"status":"passed","title":"updates the momentumLastUpdated timestamp to the current date"}],"endTime":1764616056801,"message":"","name":"/Users/DITcart/Desktop/Programs/WeaveNative/src/modules/intelligence/__tests__/momentum.service.test.ts","startTime":1764616056274,"status":"passed","summary":""},{"assertionResults":[{"ancestorTitles":["Scoring Service","calculatePointsForWeave"],"duration":2,"failing":false,"failureDetails":[],"failureMessages":[],"fullName":"Scoring Service calculatePointsForWeave calculates a baseline score correctly with neutral modifiers","invocations":1,"location":null,"numPassingAsserts":1,"retryReasons":[],"startAt":1764616056798,"status":"passed","title":"calculates a baseline score correctly with neutral modifiers"},{"ancestorTitles":["Scoring Service","calculatePointsForWeave"],"duration":0,"failing":false,"failureDetails":[],"failureMessages":[],"fullName":"Scoring Service calculatePointsForWeave applies a positive vibe multiplier correctly","invocations":1,"location":null,"numPassingAsserts":1,"retryReasons":[],"startAt":1764616056800,"status":"passed","title":"applies a positive vibe multiplier correctly"},{"ancestorTitles":["Scoring Service","calculatePointsForWeave"],"duration":0,"failing":false,"failureDetails":[],"failureMessages":[],"fullName":"Scoring Service calculatePointsForWeave applies a duration modifier correctly","invocations":1,"location":null,"numPassingAsserts":1,"retryReasons":[],"startAt":1764616056800,"status":"passed","title":"applies a duration modifier correctly"},{"ancestorTitles":["Scoring Service","calculatePointsForWeave"],"duration":0,"failing":false,"failureDetails":[],"failureMessages":[],"fullName":"Scoring Service calculatePointsForWeave applies a different archetype multiplier correctly","invocations":1,"location":null,"numPassingAsserts":1,"retryReasons":[],"startAt":1764616056800,"status":"passed","title":"applies a different archetype multiplier correctly"},{"ancestorTitles":["Scoring Service","calculatePointsForWeave"],"duration":0,"failing":false,"failureDetails":[],"failureMessages":[],"fullName":"Scoring Service calculatePointsForWeave applies group dilution correctly","invocations":1,"location":null,"numPassingAsserts":1,"retryReasons":[],"startAt":1764616056800,"status":"passed","title":"applies group dilution correctly"},{"ancestorTitles":["Scoring Service","calculatePointsForWeave"],"duration":0,"failing":false,"failureDetails":[],"failureMessages":[],"fullName":"Scoring Service calculatePointsForWeave applies an event multiplier for celebrations","invocations":1,"location":null,"numPassingAsserts":1,"retryReasons":[],"startAt":1764616056800,"status":"passed","title":"applies an event multiplier for celebrations"},{"ancestorTitles":["Scoring Service","calculatePointsForWeave"],"duration":1,"failing":false,"failureDetails":[],"failureMessages":[],"fullName":"Scoring Service calculatePointsForWeave applies a quality multiplier","invocations":1,"location":null,"numPassingAsserts":1,"retryReasons":[],"startAt":1764616056800,"status":"passed","title":"applies a quality multiplier"},{"ancestorTitles":["Scoring Service","calculatePointsForWeave"],"duration":0,"failing":false,"failureDetails":[],"failureMessages":[],"fullName":"Scoring Service calculatePointsForWeave restores some points from group dilution with high quality","invocations":1,"location":null,"numPassingAsserts":1,"retryReasons":[],"startAt":1764616056801,"status":"passed","title":"restores some points from group dilution with high quality"},{"ancestorTitles":["Scoring Service","calculateGroupDilution"],"duration":0,"failing":false,"failureDetails":[],"failureMessages":[],"fullName":"Scoring Service calculateGroupDilution returns 1.0 for a group of 1","invocations":1,"location":null,"numPassingAsserts":1,"retryReasons":[],"startAt":1764616056801,"status":"passed","title":"returns 1.0 for a group of 1"},{"ancestorTitles":["Scoring Service","calculateGroupDilution"],"duration":0,"failing":false,"failureDetails":[],"failureMessages":[],"fullName":"Scoring Service calculateGroupDilution returns 0.9 for a group of 2","invocations":1,"location":null,"numPassingAsserts":1,"retryReasons":[],"startAt":1764616056801,"status":"passed","title":"returns 0.9 for a group of 2"},{"ancestorTitles":["Scoring Service","calculateGroupDilution"],"duration":0,"failing":false,"failureDetails":[],"failureMessages":[],"fullName":"Scoring Service calculateGroupDilution returns 0.7 for a group of 4","invocations":1,"location":null,"numPassingAsserts":1,"retryReasons":[],"startAt":1764616056801,"status":"passed","title":"returns 0.7 for a group of 4"},{"ancestorTitles":["Scoring Service","calculateGroupDilution"],"duration":0,"failing":false,"failureDetails":[],"failureMessages":[],"fullName":"Scoring Service calculateGroupDilution returns 0.5 for a group of 7","invocations":1,"location":null,"numPassingAsserts":1,"retryReasons":[],"startAt":1764616056801,"status":"passed","title":"returns 0.5 for a group of 7"},{"ancestorTitles":["Scoring Service","calculateGroupDilution"],"duration":0,"failing":false,"failureDetails":[],"failureMessages":[],"fullName":"Scoring Service calculateGroupDilution returns 0.3 for a group of 8 or more","invocations":1,"location":null,"numPassingAsserts":1,"retryReasons":[],"startAt":1764616056801,"status":"passed","title":"returns 0.3 for a group of 8 or more"},{"ancestorTitles":["Scoring Service","calculateEventMultiplier"],"duration":0,"failing":false,"failureDetails":[],"failureMessages":[],"fullName":"Scoring Service calculateEventMultiplier returns 1.0 for a standard interaction","invocations":1,"location":null,"numPassingAsserts":1,"retryReasons":[],"startAt":1764616056801,"status":"passed","title":"returns 1.0 for a standard interaction"},{"ancestorTitles":["Scoring Service","calculateEventMultiplier"],"duration":0,"failing":false,"failureDetails":[],"failureMessages":[],"fullName":"Scoring Service calculateEventMultiplier returns 1.5 for a critical celebration","invocations":1,"location":null,"numPassingAsserts":1,"retryReasons":[],"startAt":1764616056801,"status":"passed","title":"returns 1.5 for a critical celebration"},{"ancestorTitles":["Scoring Service","calculateEventMultiplier"],"duration":0,"failing":false,"failureDetails":[],"failureMessages":[],"fullName":"Scoring Service calculateEventMultiplier returns 1.4 for critical support","invocations":1,"location":null,"numPassingAsserts":1,"retryReasons":[],"startAt":1764616056801,"status":"passed","title":"returns 1.4 for critical support"},{"ancestorTitles":["Scoring Service","calculateEventMultiplier"],"duration":0,"failing":false,"failureDetails":[],"failureMessages":[],"fullName":"Scoring Service calculateEventMultiplier returns 1.2 for a deep talk during a high-importance event","invocations":1,"location":null,"numPassingAsserts":1,"retryReasons":[],"startAt":1764616056802,"status":"passed","title":"returns 1.2 for a deep talk during a high-importance event"}],"endTime":1764616056802,"message":"","name":"/Users/DITcart/Desktop/Programs/WeaveNative/src/modules/intelligence/__tests__/scoring.service.test.ts","startTime":1764616056197,"status":"passed","summary":""},{"assertionResults":[{"ancestorTitles":["image.service"],"duration":7,"failing":false,"failureDetails":[],"failureMessages":[],"fullName":"image.service should upload a friend photo (square)","invocations":1,"location":null,"numPassingAsserts":2,"retryReasons":[],"startAt":1764616056801,"status":"passed","title":"should upload a friend photo (square)"},{"ancestorTitles":["image.service"],"duration":1,"failing":false,"failureDetails":[],"failureMessages":[],"fullName":"image.service should upload a friend photo (landscape) and crop it","invocations":1,"location":null,"numPassingAsserts":2,"retryReasons":[],"startAt":1764616056808,"status":"passed","title":"should upload a friend photo (landscape) and crop it"},{"ancestorTitles":["image.service"],"duration":0,"failing":false,"failureDetails":[],"failureMessages":[],"fullName":"image.service should delete a friend photo","invocations":1,"location":null,"numPassingAsserts":1,"retryReasons":[],"startAt":1764616056809,"status":"passed","title":"should delete a friend photo"}],"endTime":1764616056809,"message":"","name":"/Users/DITcart/Desktop/Programs/WeaveNative/src/modules/relationships/services/__tests__/image.service.test.ts","startTime":1764616056368,"status":"passed","summary":""},{"assertionResults":[{"ancestorTitles":["Decay Service"],"duration":2,"failing":false,"failureDetails":[],"failureMessages":[],"fullName":"Decay Service applies no decay if last update was today","invocations":1,"location":null,"numPassingAsserts":1,"retryReasons":[],"startAt":1764616056806,"status":"passed","title":"applies no decay if last update was today"},{"ancestorTitles":["Decay Service"],"duration":0,"failing":false,"failureDetails":[],"failureMessages":[],"fullName":"Decay Service applies minimal decay within the tolerance window","invocations":1,"location":null,"numPassingAsserts":1,"retryReasons":[],"startAt":1764616056808,"status":"passed","title":"applies minimal decay within the tolerance window"},{"ancestorTitles":["Decay Service"],"duration":0,"failing":false,"failureDetails":[],"failureMessages":[],"fullName":"Decay Service applies accelerated decay outside the tolerance window","invocations":1,"location":null,"numPassingAsserts":1,"retryReasons":[],"startAt":1764616056808,"status":"passed","title":"applies accelerated decay outside the tolerance window"},{"ancestorTitles":["Decay Service"],"duration":0,"failing":false,"failureDetails":[],"failureMessages":[],"fullName":"Decay Service calculates decay correctly for InnerCircle tier","invocations":1,"location":null,"numPassingAsserts":1,"retryReasons":[],"startAt":1764616056808,"status":"passed","title":"calculates decay correctly for InnerCircle tier"},{"ancestorTitles":["Decay Service"],"duration":0,"failing":false,"failureDetails":[],"failureMessages":[],"fullName":"Decay Service uses a learned tolerance window if available","invocations":1,"location":null,"numPassingAsserts":1,"retryReasons":[],"startAt":1764616056808,"status":"passed","title":"uses a learned tolerance window if available"},{"ancestorTitles":["Decay Service"],"duration":1,"failing":false,"failureDetails":[],"failureMessages":[],"fullName":"Decay Service is mitigated by higher resilience","invocations":1,"location":null,"numPassingAsserts":1,"retryReasons":[],"startAt":1764616056808,"status":"passed","title":"is mitigated by higher resilience"},{"ancestorTitles":["Decay Service"],"duration":0,"failing":false,"failureDetails":[],"failureMessages":[],"fullName":"Decay Service is amplified by lower resilience","invocations":1,"location":null,"numPassingAsserts":1,"retryReasons":[],"startAt":1764616056809,"status":"passed","title":"is amplified by lower resilience"},{"ancestorTitles":["Decay Service"],"duration":0,"failing":false,"failureDetails":[],"failureMessages":[],"fullName":"Decay Service never drops the score below zero","invocations":1,"location":null,"numPassingAsserts":1,"retryReasons":[],"startAt":1764616056809,"status":"passed","title":"never drops the score below zero"}],"endTime":1764616056809,"message":"","name":"/Users/DITcart/Desktop/Programs/WeaveNative/src/modules/intelligence/__tests__/decay.service.test.ts","startTime":1764616056214,"status":"passed","summary":""},{"assertionResults":[{"ancestorTitles":["Scoring Enhancements","Vibe Multipliers"],"duration":2,"failing":false,"failureDetails":[],"failureMessages":[],"fullName":"Scoring Enhancements Vibe Multipliers should apply higher multiplier for FullMoon (5/5) vibe","invocations":1,"location":null,"numPassingAsserts":1,"retryReasons":[],"startAt":1764616056811,"status":"passed","title":"should apply higher multiplier for FullMoon (5/5) vibe"},{"ancestorTitles":["Scoring Enhancements","Vibe Multipliers"],"duration":0,"failing":false,"failureDetails":[],"failureMessages":[],"fullName":"Scoring Enhancements Vibe Multipliers should apply lower multiplier for NewMoon (1/5) vibe","invocations":1,"location":null,"numPassingAsserts":1,"retryReasons":[],"startAt":1764616056813,"status":"passed","title":"should apply lower multiplier for NewMoon (1/5) vibe"},{"ancestorTitles":["Scoring Enhancements","Affinity Bonus"],"duration":1,"failing":false,"failureDetails":[],"failureMessages":[],"fullName":"Scoring Enhancements Affinity Bonus should apply 1.15x bonus when interaction history count is >= 5","invocations":1,"location":null,"numPassingAsserts":1,"retryReasons":[],"startAt":1764616056813,"status":"passed","title":"should apply 1.15x bonus when interaction history count is >= 5"},{"ancestorTitles":["Scoring Enhancements","Affinity Bonus"],"duration":0,"failing":false,"failureDetails":[],"failureMessages":[],"fullName":"Scoring Enhancements Affinity Bonus should not apply bonus when interaction history count is < 5","invocations":1,"location":null,"numPassingAsserts":1,"retryReasons":[],"startAt":1764616056814,"status":"passed","title":"should not apply bonus when interaction history count is < 5"}],"endTime":1764616056814,"message":"","name":"/Users/DITcart/Desktop/Programs/WeaveNative/src/modules/intelligence/__tests__/scoring-enhancements.test.ts","startTime":1764616056390,"status":"passed","summary":""},{"assertionResults":[{"ancestorTitles":["SuggestionTrackerService","trackSuggestionShown"],"duration":2,"failing":false,"failureDetails":[],"failureMessages":[],"fullName":"SuggestionTrackerService trackSuggestionShown should create a shown event","invocations":1,"location":null,"numPassingAsserts":2,"retryReasons":[],"startAt":1764616057216,"status":"passed","title":"should create a shown event"},{"ancestorTitles":["SuggestionTrackerService","trackSuggestionActed"],"duration":1,"failing":false,"failureDetails":[],"failureMessages":[],"fullName":"SuggestionTrackerService trackSuggestionActed should create an acted event and calculate time to action","invocations":1,"location":null,"numPassingAsserts":1,"retryReasons":[],"startAt":1764616057218,"status":"passed","title":"should create an acted event and calculate time to action"}],"endTime":1764616057219,"message":"","name":"/Users/DITcart/Desktop/Programs/WeaveNative/src/modules/interactions/services/__tests__/suggestion-tracker.service.test.ts","startTime":1764616056208,"status":"passed","summary":""},{"assertionResults":[{"ancestorTitles":["lifecycle.service"],"duration":3,"failing":false,"failureDetails":[],"failureMessages":[],"fullName":"lifecycle.service should check for dormant friends and apply dormancy","invocations":1,"location":null,"numPassingAsserts":5,"retryReasons":[],"startAt":1764616057217,"status":"passed","title":"should check for dormant friends and apply dormancy"},{"ancestorTitles":["lifecycle.service"],"duration":0,"failing":false,"failureDetails":[],"failureMessages":[],"fullName":"lifecycle.service should reactivate a dormant friend","invocations":1,"location":null,"numPassingAsserts":3,"retryReasons":[],"startAt":1764616057220,"status":"passed","title":"should reactivate a dormant friend"}],"endTime":1764616057221,"message":"","name":"/Users/DITcart/Desktop/Programs/WeaveNative/src/modules/relationships/services/__tests__/lifecycle.service.test.ts","startTime":1764616056218,"status":"passed","summary":""},{"assertionResults":[{"ancestorTitles":["PlanService"],"duration":3,"failing":false,"failureDetails":[],"failureMessages":[],"fullName":"PlanService should complete a plan","invocations":1,"location":null,"numPassingAsserts":4,"retryReasons":[],"startAt":1764616057218,"status":"passed","title":"should complete a plan"},{"ancestorTitles":["PlanService"],"duration":1,"failing":false,"failureDetails":[],"failureMessages":[],"fullName":"PlanService should cancel a plan","invocations":1,"location":null,"numPassingAsserts":3,"retryReasons":[],"startAt":1764616057221,"status":"passed","title":"should cancel a plan"},{"ancestorTitles":["PlanService"],"duration":0,"failing":false,"failureDetails":[],"failureMessages":[],"fullName":"PlanService should check for pending plans and update their status","invocations":1,"location":null,"numPassingAsserts":2,"retryReasons":[],"startAt":1764616057222,"status":"passed","title":"should check for pending plans and update their status"},{"ancestorTitles":["PlanService"],"duration":0,"failing":false,"failureDetails":[],"failureMessages":[],"fullName":"PlanService should check for missed plans and update their status","invocations":1,"location":null,"numPassingAsserts":2,"retryReasons":[],"startAt":1764616057222,"status":"passed","title":"should check for missed plans and update their status"}],"endTime":1764616057223,"message":"","name":"/Users/DITcart/Desktop/Programs/WeaveNative/src/modules/interactions/services/__tests__/plan.service.test.ts","startTime":1764616056202,"status":"passed","summary":""},{"assertionResults":[{"ancestorTitles":["SyncEngine","loadLastSyncTimestamp"],"duration":3,"failing":false,"failureDetails":[],"failureMessages":[],"fullName":"SyncEngine loadLastSyncTimestamp should load timestamp from AsyncStorage","invocations":1,"location":null,"numPassingAsserts":2,"retryReasons":[],"startAt":1764616058263,"status":"passed","title":"should load timestamp from AsyncStorage"},{"ancestorTitles":["SyncEngine","loadLastSyncTimestamp"],"duration":0,"failing":false,"failureDetails":[],"failureMessages":[],"fullName":"SyncEngine loadLastSyncTimestamp should default to 0 if no timestamp found","invocations":1,"location":null,"numPassingAsserts":1,"retryReasons":[],"startAt":1764616058266,"status":"passed","title":"should default to 0 if no timestamp found"},{"ancestorTitles":["SyncEngine","loadLastSyncTimestamp"],"duration":3,"failing":false,"failureDetails":[],"failureMessages":[],"fullName":"SyncEngine loadLastSyncTimestamp should handle errors gracefully","invocations":1,"location":null,"numPassingAsserts":1,"retryReasons":[],"startAt":1764616058266,"status":"passed","title":"should handle errors gracefully"},{"ancestorTitles":["SyncEngine","saveLastSyncTimestamp"],"duration":0,"failing":false,"failureDetails":[],"failureMessages":[],"fullName":"SyncEngine saveLastSyncTimestamp should save timestamp to AsyncStorage","invocations":1,"location":null,"numPassingAsserts":1,"retryReasons":[],"startAt":1764616058269,"status":"passed","title":"should save timestamp to AsyncStorage"},{"ancestorTitles":["SyncEngine","saveLastSyncTimestamp"],"duration":1,"failing":false,"failureDetails":[],"failureMessages":[],"fullName":"SyncEngine saveLastSyncTimestamp should handle errors gracefully","invocations":1,"location":null,"numPassingAsserts":0,"retryReasons":[],"startAt":1764616058269,"status":"passed","title":"should handle errors gracefully"}],"endTime":1764616058270,"message":"","name":"/Users/DITcart/Desktop/Programs/WeaveNative/src/modules/auth/services/__tests__/sync-engine.test.ts","startTime":1764616056224,"status":"passed","summary":""},{"assertionResults":[{"ancestorTitles":["WeaveLoggingService"],"duration":4,"failing":false,"failureDetails":[],"failureMessages":[],"fullName":"WeaveLoggingService should log a new weave and call related services","invocations":1,"location":null,"numPassingAsserts":10,"retryReasons":[],"startAt":1764616070216,"status":"passed","title":"should log a new weave and call related services"},{"ancestorTitles":["WeaveLoggingService"],"duration":1,"failing":false,"failureDetails":[],"failureMessages":[],"fullName":"WeaveLoggingService should throw validation error if data is invalid","invocations":1,"location":null,"numPassingAsserts":1,"retryReasons":[],"startAt":1764616070220,"status":"passed","title":"should throw validation error if data is invalid"},{"ancestorTitles":["WeaveLoggingService"],"duration":0,"failing":false,"failureDetails":[],"failureMessages":[],"fullName":"WeaveLoggingService should plan a new weave","invocations":1,"location":null,"numPassingAsserts":5,"retryReasons":[],"startAt":1764616070221,"status":"passed","title":"should plan a new weave"},{"ancestorTitles":["WeaveLoggingService"],"duration":1,"failing":false,"failureDetails":[],"failureMessages":[],"fullName":"WeaveLoggingService should delete a weave and its calendar event","invocations":1,"location":null,"numPassingAsserts":5,"retryReasons":[],"startAt":1764616070221,"status":"passed","title":"should delete a weave and its calendar event"}],"endTime":1764616070222,"message":"","name":"/Users/DITcart/Desktop/Programs/WeaveNative/src/modules/interactions/services/__tests__/weave-logging.service.test.ts","startTime":1764616056243,"status":"passed","summary":""}],"wasInterrupted":false}
