index.js(3,17): error TS1261: Already included file name '/Users/DITcart/Desktop/Programs/WeaveNative/App/index.tsx' differs from file name '/Users/DITcart/Desktop/Programs/WeaveNative/app/index.tsx' only in casing.
  The file is in the program because:
    Imported via './App' from file '/Users/DITcart/Desktop/Programs/WeaveNative/index.js'
    Matched by default include pattern '**/*'
src/components/archetype-card.tsx(97,9): error TS2769: No overload matches this call.
  Overload 1 of 2, '(props: LinearGradientProps): LinearGradient', gave the following error.
    Type '[...string[], string]' is not assignable to type 'readonly [string, string, ...string[]]'.
      Source provides no match for required element at position 0 in target.
  Overload 2 of 2, '(props: LinearGradientProps, context: any): LinearGradient', gave the following error.
    Type '[...string[], string]' is not assignable to type 'readonly [string, string, ...string[]]'.
src/components/ArchetypeCarouselPicker.tsx(148,13): error TS2769: No overload matches this call.
  Overload 1 of 2, '(props: LinearGradientProps): LinearGradient', gave the following error.
    Type '[...string[], string]' is not assignable to type 'readonly [string, string, ...string[]]'.
  Overload 2 of 2, '(props: LinearGradientProps, context: any): LinearGradient', gave the following error.
    Type '[...string[], string]' is not assignable to type 'readonly [string, string, ...string[]]'.
src/components/ArchetypeLibrary.tsx(168,21): error TS2769: No overload matches this call.
  Overload 1 of 2, '(props: LinearGradientProps): LinearGradient', gave the following error.
    Type '[...string[], string]' is not assignable to type 'readonly [string, string, ...string[]]'.
  Overload 2 of 2, '(props: LinearGradientProps, context: any): LinearGradient', gave the following error.
    Type '[...string[], string]' is not assignable to type 'readonly [string, string, ...string[]]'.
src/components/Journal/GuidedReflectionModal.tsx(326,26): error TS2339: Property 'id' does not exist on type 'never'.
src/components/Journal/GuidedReflectionModal.tsx(327,31): error TS2339: Property 'content' does not exist on type 'never'.
src/components/PlanChoiceModal.tsx(67,13): error TS2769: No overload matches this call.
  Overload 1 of 2, '(props: LinearGradientProps): LinearGradient', gave the following error.
    Type 'string[]' is not assignable to type 'readonly [string, string, ...string[]]'.
      Source provides no match for required element at position 0 in target.
  Overload 2 of 2, '(props: LinearGradientProps, context: any): LinearGradient', gave the following error.
    Type 'string[]' is not assignable to type 'readonly [string, string, ...string[]]'.
src/components/SeasonExplanationModal.tsx(7,42): error TS2305: Module '"@/modules/reflection"' has no exported member 'SeasonExplanationData'.
src/components/SeasonExplanationModal.tsx(28,62): error TS2345: Argument of type '{ season: SocialSeason; weavesLast7Days: number; weavesLast30Days: number; avgScoreAllFriends: number; avgScoreInnerCircle: number; momentumCount: number; batteryLast7DaysAvg: number | null; batteryTrend: "stable" | ... 2 more ... | null; }' is not assignable to parameter of type 'SeasonExplanationData'.
  Types of property 'batteryLast7DaysAvg' are incompatible.
    Type 'number | null' is not assignable to type 'number'.
      Type 'null' is not assignable to type 'number'.
src/components/SuggestionCard.tsx(22,38): error TS2538: Type 'undefined' cannot be used as an index type.
src/components/WeeklyReflection/CalendarEventsStepComponent.tsx(154,27): error TS2552: Cannot find name 'format'. Did you mean 'FormData'?
src/components/WeeklyReflection/CalendarEventsStepComponent.tsx(157,14): error TS2304: Cannot find name 'Animated'.
src/components/WeeklyReflection/CalendarEventsStepComponent.tsx(159,25): error TS2304: Cannot find name 'FadeIn'.
src/components/WeeklyReflection/CalendarEventsStepComponent.tsx(241,15): error TS2304: Cannot find name 'Animated'.
src/components/WeeklyReflection/WeekSnapshotStepComponent.tsx(398,11): error TS2322: Type '(description: string, category?: InteractionCategory) => Promise<void>' is not assignable to type '(description: string | undefined, category?: InteractionCategory | undefined) => Promise<void>'.
  Types of parameters 'description' and 'description' are incompatible.
    Type 'string | undefined' is not assignable to type 'string'.
      Type 'undefined' is not assignable to type 'string'.
src/components/YearInMoons/YearInMoonsModal.tsx(26,40): error TS2307: Cannot find module '../ReflectionJourney/ReflectionJourneyModal' or its corresponding type declarations.
src/components/YourPatternsSection.tsx(39,21): error TS2345: Argument of type '{ suggestedText: string; occurrences: number; } | null' is not assignable to parameter of type 'SetStateAction<{ text: string; occurrences: number; } | null>'.
  Type '{ suggestedText: string; occurrences: number; }' is not assignable to type 'SetStateAction<{ text: string; occurrences: number; } | null>'.
    Property 'text' is missing in type '{ suggestedText: string; occurrences: number; }' but required in type '{ text: string; occurrences: number; }'.
src/db/data-migration.ts(3,10): error TS2305: Module '"@/shared/constants/interaction-categories"' has no exported member 'migrateActivityToCategory'.
src/db/data-migration.ts(34,32): error TS2339: Property 'interaction_category' does not exist on type '_RawRecord'.
src/db/data-migration.ts(39,48): error TS2339: Property 'activity' does not exist on type '_RawRecord'.
src/db/data-migration.ts(93,42): error TS2339: Property 'interaction_category' does not exist on type '_RawRecord'.
src/db/index.ts(57,5): error TS2322: Type 'typeof UserProfile' is not assignable to type 'Model | Class<Model>'.
  Types of construct signatures are incompatible.
    Type 'new (collection: Collection<Model>, raw: _RawRecord) => UserProfile' is not assignable to type 'new (...args: any[]) => Model'.
      Construct signature return types 'UserProfile' and 'Model' are incompatible.
        The types of 'syncStatus' are incompatible between these types.
          Type 'string | undefined' is not assignable to type 'SyncStatus'.
src/db/index.ts(146,42): error TS2344: Type 'UserProfile' does not satisfy the constraint 'Model'.
src/db/models/Group.ts(22,45): error TS7006: Parameter 'member' implicitly has an 'any' type.
src/db/models/UserProfile.ts(60,24): error TS2416: Property 'syncStatus' in type 'UserProfile' is not assignable to the same property in base type 'Model'.
  Type 'string | undefined' is not assignable to type 'SyncStatus'.
    Type 'undefined' is not assignable to type 'SyncStatus'.
src/db/models/UserProfile.ts(60,24): error TS2610: 'syncStatus' is defined as an accessor in class 'Model', but is overridden here in 'UserProfile' as an instance property.
src/db/seeds/stress-test-seed-data.ts(109,11): error TS2322: Type 'Date | null' is not assignable to type 'Date | undefined'.
  Type 'null' is not assignable to type 'Date | undefined'.
src/db/seeds/stress-test-seed-data.ts(114,11): error TS2322: Type 'Date' is not assignable to type 'string'.
src/db/seeds/stress-test-seed-data.ts(116,11): error TS2322: Type 'Date | null' is not assignable to type 'string | undefined'.
  Type 'null' is not assignable to type 'string | undefined'.
src/db/seeds/stress-test-seed-data.ts(117,11): error TS2322: Type 'null' is not assignable to type 'string | undefined'.
src/db/seeds/stress-test-seed-data.ts(173,13): error TS2322: Type 'null' is not assignable to type 'string | undefined'.
src/modules/auth/services/data-import.ts(238,13): error TS2322: Type 'string' is not assignable to type 'Archetype'.
src/modules/auth/services/sync-engine.ts(150,70): error TS2339: Property 'id' does not exist on type 'never'.
src/modules/auth/services/sync-engine.ts(219,21): error TS2769: No overload matches this call.
  Overload 1 of 2, '(values: never, options?: { onConflict?: string | undefined; ignoreDuplicates?: boolean | undefined; count?: "planned" | "exact" | "estimated" | undefined; } | undefined): PostgrestFilterBuilder<{ ...; }, ... 5 more ..., "POST">', gave the following error.
    Argument of type 'any[]' is not assignable to parameter of type 'never'.
  Overload 2 of 2, '(values: never[], options?: { onConflict?: string | undefined; ignoreDuplicates?: boolean | undefined; count?: "planned" | "exact" | "estimated" | undefined; defaultToNull?: boolean | undefined; } | undefined): PostgrestFilterBuilder<...>', gave the following error.
    Argument of type 'any[]' is not assignable to parameter of type 'never[]'.
      Type 'any' is not assignable to type 'never'.
src/modules/auth/store/auth.store.ts(153,22): error TS2339: Property 'tier' does not exist on type 'never'.
src/modules/auth/store/auth.store.ts(154,24): error TS2339: Property 'status' does not exist on type 'never'.
src/modules/auth/store/auth.store.ts(155,29): error TS2339: Property 'trial_ends_at' does not exist on type 'never'.
src/modules/auth/store/auth.store.ts(155,59): error TS2339: Property 'trial_ends_at' does not exist on type 'never'.
src/modules/auth/store/auth.store.ts(156,34): error TS2339: Property 'current_period_end' does not exist on type 'never'.
src/modules/auth/store/auth.store.ts(156,69): error TS2339: Property 'current_period_end' does not exist on type 'never'.
src/modules/auth/store/auth.store.ts(191,32): error TS2339: Property 'friends_count' does not exist on type 'never'.
src/modules/auth/store/auth.store.ts(192,35): error TS2339: Property 'weaves_this_month' does not exist on type 'never'.
src/modules/auth/store/auth.store.ts(193,40): error TS2339: Property 'period_start' does not exist on type 'never'.
src/modules/auth/store/auth.store.ts(194,38): error TS2339: Property 'period_end' does not exist on type 'never'.
src/modules/auth/store/sync.store.ts(129,3): error TS2322: Type '() => Promise<BackgroundFetch.BackgroundFetchStatus | null>' is not assignable to type '() => Promise<void>'.
  Type 'Promise<BackgroundFetchStatus | null>' is not assignable to type 'Promise<void>'.
    Type 'import("/Users/DITcart/Desktop/Programs/WeaveNative/node_modules/expo-background-fetch/build/BackgroundFetch.types").BackgroundFetchStatus | null' is not assignable to type 'void'.
      Type 'null' is not assignable to type 'void'.
src/modules/auth/store/user-profile.store.ts(53,12): error TS2344: Type 'UserProfile' does not satisfy the constraint 'Model'.
src/modules/gamification/hooks/useAchievements.ts(31,78): error TS2339: Property 'id' does not exist on type 'string'.
src/modules/gamification/hooks/useAchievements.ts(34,15): error TS2741: Property 'icon' is missing in type '{ id: string; name: string; description: string; threshold: number; isUnlocked: boolean; progress: number; }' but required in type 'Achievement'.
src/modules/gamification/hooks/useAchievements.ts(44,11): error TS2741: Property 'icon' is missing in type '{ id: string; name: string; description: string; threshold: number; isUnlocked: boolean; progress: number; }' but required in type 'Achievement'.
src/modules/gamification/hooks/useAchievements.ts(52,11): error TS2741: Property 'icon' is missing in type '{ id: string; name: string; description: string; threshold: number; isUnlocked: boolean; progress: number; }' but required in type 'Achievement'.
src/modules/gamification/hooks/useAchievements.ts(60,11): error TS2741: Property 'icon' is missing in type '{ id: string; name: string; description: string; threshold: number; isUnlocked: boolean; progress: number; }' but required in type 'Achievement'.
src/modules/gamification/hooks/useAchievements.ts(68,11): error TS2741: Property 'icon' is missing in type '{ id: string; name: string; description: string; threshold: number; isUnlocked: boolean; progress: number; }' but required in type 'Achievement'.
src/modules/gamification/services/milestone-tracker.service.ts(211,7): error TS2322: Type 'Date' is not assignable to type 'number'.
src/modules/gamification/services/milestone-tracker.service.ts(212,7): error TS2322: Type 'string' is not assignable to type 'PracticeType'.
src/modules/insights/services/pattern-detection.service.ts(45,41): error TS2344: Type 'UserProfile' does not satisfy the constraint 'Model'.
  Types of property 'syncStatus' are incompatible.
    Type 'string | undefined' is not assignable to type 'SyncStatus'.
src/modules/insights/services/pattern-detection.service.ts(454,9): error TS2322: Type 'string | undefined' is not assignable to type 'Vibe | null | undefined'.
  Type 'string' is not assignable to type 'Vibe | null | undefined'.
src/modules/insights/services/pattern-detection.service.ts(455,9): error TS2322: Type 'string | undefined' is not assignable to type 'Duration | null | undefined'.
  Type 'string' is not assignable to type 'Duration | null | undefined'.
src/modules/insights/services/pattern-detection.service.ts(469,43): error TS2339: Property 'friend_id' does not exist on type '_RawRecord'.
src/modules/insights/services/pattern-detection.service.ts(602,37): error TS2339: Property 'friend_id' does not exist on type '_RawRecord'.
src/modules/insights/services/tier-management.service.ts(25,7): error TS2322: Type 'string' is not assignable to type 'Tier | undefined'.
src/modules/insights/services/tier-management.service.ts(76,7): error TS2322: Type 'string' is not assignable to type 'Tier | undefined'.
src/modules/insights/services/tier-management.service.ts(118,7): error TS2322: Type 'string' is not assignable to type 'Tier | undefined'.
src/modules/insights/services/tier-management.service.ts(169,38): error TS2322: Type 'string' is not assignable to type 'Tier'.
src/modules/insights/types.ts(2,37): error TS2307: Cannot find module '@/shared/types/interactions' or its corresponding type declarations.
src/modules/intelligence/__tests__/scoring.service.test.ts(41,31): error TS2352: Conversion of type '{ category: "meal-drink"; duration: "Standard"; vibe: "WaxingCrescent"; groupSize: number; }' to type 'InteractionFormData' may be a mistake because neither type sufficiently overlaps with the other. If this was intentional, convert the expression to 'unknown' first.
  Type '{ category: "meal-drink"; duration: "Standard"; vibe: "WaxingCrescent"; groupSize: number; }' is missing the following properties from type 'InteractionFormData': friendIds, activity, date, type, and 2 more.
src/modules/intelligence/__tests__/scoring.service.test.ts(48,58): error TS2345: Argument of type 'InteractionFormData' is not assignable to parameter of type '{ interactionType?: ActivityType | undefined; category?: InteractionCategory | undefined; duration: Duration | null; vibe: Vibe | null; ... 4 more ...; interactionHistoryCount?: number | undefined; }'.
  Types of property 'duration' are incompatible.
    Type 'Duration | null | undefined' is not assignable to type 'Duration | null'.
      Type 'undefined' is not assignable to type 'Duration | null'.
src/modules/intelligence/__tests__/scoring.service.test.ts(53,31): error TS2352: Conversion of type '{ category: "meal-drink"; duration: "Standard"; vibe: "FullMoon"; groupSize: number; }' to type 'InteractionFormData' may be a mistake because neither type sufficiently overlaps with the other. If this was intentional, convert the expression to 'unknown' first.
  Type '{ category: "meal-drink"; duration: "Standard"; vibe: "FullMoon"; groupSize: number; }' is missing the following properties from type 'InteractionFormData': friendIds, activity, date, type, and 2 more.
src/modules/intelligence/__tests__/scoring.service.test.ts(60,58): error TS2345: Argument of type 'InteractionFormData' is not assignable to parameter of type '{ interactionType?: ActivityType | undefined; category?: InteractionCategory | undefined; duration: Duration | null; vibe: Vibe | null; ... 4 more ...; interactionHistoryCount?: number | undefined; }'.
src/modules/intelligence/__tests__/scoring.service.test.ts(65,31): error TS2352: Conversion of type '{ category: "meal-drink"; duration: "Extended"; vibe: "WaxingCrescent"; groupSize: number; }' to type 'InteractionFormData' may be a mistake because neither type sufficiently overlaps with the other. If this was intentional, convert the expression to 'unknown' first.
  Type '{ category: "meal-drink"; duration: "Extended"; vibe: "WaxingCrescent"; groupSize: number; }' is missing the following properties from type 'InteractionFormData': friendIds, activity, date, type, and 2 more.
src/modules/intelligence/__tests__/scoring.service.test.ts(72,58): error TS2345: Argument of type 'InteractionFormData' is not assignable to parameter of type '{ interactionType?: ActivityType | undefined; category?: InteractionCategory | undefined; duration: Duration | null; vibe: Vibe | null; ... 4 more ...; interactionHistoryCount?: number | undefined; }'.
src/modules/intelligence/__tests__/scoring.service.test.ts(78,31): error TS2352: Conversion of type '{ category: "meal-drink"; duration: "Standard"; vibe: "WaxingCrescent"; groupSize: number; }' to type 'InteractionFormData' may be a mistake because neither type sufficiently overlaps with the other. If this was intentional, convert the expression to 'unknown' first.
  Type '{ category: "meal-drink"; duration: "Standard"; vibe: "WaxingCrescent"; groupSize: number; }' is missing the following properties from type 'InteractionFormData': friendIds, activity, date, type, and 2 more.
src/modules/intelligence/__tests__/scoring.service.test.ts(85,58): error TS2345: Argument of type 'InteractionFormData' is not assignable to parameter of type '{ interactionType?: ActivityType | undefined; category?: InteractionCategory | undefined; duration: Duration | null; vibe: Vibe | null; ... 4 more ...; interactionHistoryCount?: number | undefined; }'.
src/modules/intelligence/__tests__/scoring.service.test.ts(90,31): error TS2352: Conversion of type '{ category: "meal-drink"; duration: "Standard"; vibe: "WaxingCrescent"; groupSize: number; }' to type 'InteractionFormData' may be a mistake because neither type sufficiently overlaps with the other. If this was intentional, convert the expression to 'unknown' first.
  Type '{ category: "meal-drink"; duration: "Standard"; vibe: "WaxingCrescent"; groupSize: number; }' is missing the following properties from type 'InteractionFormData': friendIds, activity, date, type, and 2 more.
src/modules/intelligence/__tests__/scoring.service.test.ts(97,58): error TS2345: Argument of type 'InteractionFormData' is not assignable to parameter of type '{ interactionType?: ActivityType | undefined; category?: InteractionCategory | undefined; duration: Duration | null; vibe: Vibe | null; ... 4 more ...; interactionHistoryCount?: number | undefined; }'.
src/modules/intelligence/__tests__/scoring.service.test.ts(102,31): error TS2352: Conversion of type '{ category: "celebration"; duration: "Standard"; vibe: "WaxingCrescent"; groupSize: number; eventImportance: "high"; }' to type 'InteractionFormData' may be a mistake because neither type sufficiently overlaps with the other. If this was intentional, convert the expression to 'unknown' first.
  Type '{ category: "celebration"; duration: "Standard"; vibe: "WaxingCrescent"; groupSize: number; eventImportance: "high"; }' is missing the following properties from type 'InteractionFormData': friendIds, activity, date, type, and 2 more.
src/modules/intelligence/__tests__/scoring.service.test.ts(111,58): error TS2345: Argument of type 'InteractionFormData' is not assignable to parameter of type '{ interactionType?: ActivityType | undefined; category?: InteractionCategory | undefined; duration: Duration | null; vibe: Vibe | null; ... 4 more ...; interactionHistoryCount?: number | undefined; }'.
src/modules/intelligence/__tests__/scoring.service.test.ts(118,31): error TS2352: Conversion of type '{ category: "meal-drink"; duration: "Standard"; vibe: "WaxingCrescent"; groupSize: number; }' to type 'InteractionFormData' may be a mistake because neither type sufficiently overlaps with the other. If this was intentional, convert the expression to 'unknown' first.
  Type '{ category: "meal-drink"; duration: "Standard"; vibe: "WaxingCrescent"; groupSize: number; }' is missing the following properties from type 'InteractionFormData': friendIds, activity, date, type, and 2 more.
src/modules/intelligence/__tests__/scoring.service.test.ts(125,58): error TS2345: Argument of type 'InteractionFormData' is not assignable to parameter of type '{ interactionType?: ActivityType | undefined; category?: InteractionCategory | undefined; duration: Duration | null; vibe: Vibe | null; ... 4 more ...; interactionHistoryCount?: number | undefined; }'.
src/modules/intelligence/__tests__/scoring.service.test.ts(132,31): error TS2352: Conversion of type '{ category: "meal-drink"; duration: "Standard"; vibe: "WaxingCrescent"; groupSize: number; }' to type 'InteractionFormData' may be a mistake because neither type sufficiently overlaps with the other. If this was intentional, convert the expression to 'unknown' first.
  Type '{ category: "meal-drink"; duration: "Standard"; vibe: "WaxingCrescent"; groupSize: number; }' is missing the following properties from type 'InteractionFormData': friendIds, activity, date, type, and 2 more.
src/modules/intelligence/__tests__/scoring.service.test.ts(139,58): error TS2345: Argument of type 'InteractionFormData' is not assignable to parameter of type '{ interactionType?: ActivityType | undefined; category?: InteractionCategory | undefined; duration: Duration | null; vibe: Vibe | null; ... 4 more ...; interactionHistoryCount?: number | undefined; }'.
src/modules/intelligence/services/season-aware-streak.service.ts(218,40): error TS2344: Type 'UserProfile' does not satisfy the constraint 'Model'.
src/modules/interactions/components/plan-wizard/PlanWizardStep0.tsx(54,43): error TS2551: Property 'mutedForeground' does not exist on type '{ primary: "#92400E" | "#D4A855"; secondary: "#E7E5E4" | "#3D3539"; background: "#FDFCFA" | "#1A1618"; foreground: "#1C1917" | "#F5F2ED"; muted: "#252022" | "#FFFBEB"; 'muted-foreground': "#78716C" | "#9A9298"; ... 19 more ...; 'ring-cool': "#A8A29E" | "#6B6168"; }'. Did you mean 'muted-foreground'?
src/modules/interactions/components/plan-wizard/PlanWizardStep0.tsx(65,82): error TS2551: Property 'mutedForeground' does not exist on type '{ primary: "#92400E" | "#D4A855"; secondary: "#E7E5E4" | "#3D3539"; background: "#FDFCFA" | "#1A1618"; foreground: "#1C1917" | "#F5F2ED"; muted: "#252022" | "#FFFBEB"; 'muted-foreground': "#78716C" | "#9A9298"; ... 19 more ...; 'ring-cool': "#A8A29E" | "#6B6168"; }'. Did you mean 'muted-foreground'?
src/modules/interactions/hooks/usePlanSuggestion.ts(54,35): error TS7006: Parameter 'jf' implicitly has an 'any' type.
src/modules/interactions/hooks/useSuggestions.ts(60,55): error TS2538: Type 'undefined' cannot be used as an index type.
src/modules/interactions/hooks/useSuggestions.ts(60,81): error TS2538: Type 'undefined' cannot be used as an index type.
src/modules/interactions/hooks/useSuggestions.ts(69,36): error TS2538: Type 'undefined' cannot be used as an index type.
src/modules/interactions/hooks/useSuggestions.ts(69,62): error TS2538: Type 'undefined' cannot be used as an index type.
src/modules/interactions/hooks/useSuggestions.ts(77,47): error TS2538: Type 'undefined' cannot be used as an index type.
src/modules/interactions/hooks/useSuggestions.ts(77,73): error TS2538: Type 'undefined' cannot be used as an index type.
src/modules/interactions/hooks/useSuggestions.ts(142,9): error TS2740: Type '{ id: any; name: any; archetype: any; dunbarTier: any; createdAt: any; birthday: any; anniversary: any; relationshipType: any; }' is missing the following properties from type 'Friend': interactionFriends, tier, weaveScore, lastUpdated, and 43 more.
src/modules/interactions/hooks/useSuggestions.ts(156,9): error TS2322: Type '{ id: string; category: any; interactionDate: Date; vibe: string | undefined; notes: string | undefined; }[]' is not assignable to type 'Interaction[]'.
  Type '{ id: string; category: any; interactionDate: Date; vibe: string | undefined; notes: string | undefined; }' is missing the following properties from type 'Interaction': interactionFriends, interactionType, createdAt, updatedAt, and 38 more.
src/modules/interactions/services/calendar.service.ts(153,7): error TS2322: Type 'string | undefined' is not assignable to type 'string'.
  Type 'undefined' is not assignable to type 'string'.
src/modules/interactions/services/plan.service.ts(44,5): error TS2322: Type 'string | undefined' is not assignable to type 'Vibe | null | undefined'.
src/modules/interactions/services/plan.service.ts(45,5): error TS2322: Type 'string | undefined' is not assignable to type 'Duration | null | undefined'.
src/modules/interactions/services/plan.service.ts(46,5): error TS2322: Type 'string | undefined' is not assignable to type 'InteractionCategory | undefined'.
  Type 'string' is not assignable to type 'InteractionCategory | undefined'.
src/modules/interactions/services/smart-defaults.service.ts(144,35): error TS7006: Parameter 'jf' implicitly has an 'any' type.
src/modules/notifications/services/notification-grace-periods.ts(46,41): error TS2344: Type 'UserProfile' does not satisfy the constraint 'Model'.
src/modules/notifications/services/notification-manager-enhanced.ts(128,41): error TS2344: Type 'UserProfile' does not satisfy the constraint 'Model'.
src/modules/notifications/services/smart-notification-scheduler.ts(78,41): error TS2344: Type 'UserProfile' does not satisfy the constraint 'Model'.
