index.js(3,17): error TS1261: Already included file name '/Users/DITcart/Desktop/Programs/WeaveNative/App/index.tsx' differs from file name '/Users/DITcart/Desktop/Programs/WeaveNative/app/index.tsx' only in casing.
  The file is in the program because:
    Imported via './App' from file '/Users/DITcart/Desktop/Programs/WeaveNative/index.js'
    Matched by default include pattern '**/*'
src/modules/gamification/services/milestone-tracker.service.ts(211,7): error TS2322: Type 'Date' is not assignable to type 'number'.
src/modules/gamification/services/milestone-tracker.service.ts(212,7): error TS2322: Type 'string' is not assignable to type 'PracticeType'.
src/modules/insights/services/pattern-detection.service.ts(454,9): error TS2322: Type 'string | undefined' is not assignable to type 'Vibe | null | undefined'.
  Type 'string' is not assignable to type 'Vibe | null | undefined'.
src/modules/insights/services/pattern-detection.service.ts(455,9): error TS2322: Type 'string | undefined' is not assignable to type 'Duration | null | undefined'.
  Type 'string' is not assignable to type 'Duration | null | undefined'.
src/modules/insights/services/pattern-detection.service.ts(469,43): error TS2339: Property 'friend_id' does not exist on type '_RawRecord'.
src/modules/insights/services/pattern-detection.service.ts(602,37): error TS2339: Property 'friend_id' does not exist on type '_RawRecord'.
src/modules/insights/services/tier-management.service.ts(25,7): error TS2322: Type 'string' is not assignable to type 'Tier | undefined'.
src/modules/insights/services/tier-management.service.ts(76,7): error TS2322: Type 'string' is not assignable to type 'Tier | undefined'.
src/modules/insights/services/tier-management.service.ts(118,7): error TS2322: Type 'string' is not assignable to type 'Tier | undefined'.
src/modules/insights/services/tier-management.service.ts(169,38): error TS2322: Type 'string' is not assignable to type 'Tier'.
src/modules/insights/types.ts(2,37): error TS2307: Cannot find module '@/shared/types/interactions' or its corresponding type declarations.
src/modules/intelligence/__tests__/scoring.service.test.ts(41,31): error TS2352: Conversion of type '{ category: "meal-drink"; duration: "Standard"; vibe: "WaxingCrescent"; groupSize: number; }' to type 'InteractionFormData' may be a mistake because neither type sufficiently overlaps with the other. If this was intentional, convert the expression to 'unknown' first.
  Type '{ category: "meal-drink"; duration: "Standard"; vibe: "WaxingCrescent"; groupSize: number; }' is missing the following properties from type 'InteractionFormData': friendIds, activity, date, type, and 2 more.
src/modules/intelligence/__tests__/scoring.service.test.ts(48,58): error TS2345: Argument of type 'InteractionFormData' is not assignable to parameter of type '{ interactionType?: ActivityType | undefined; category?: InteractionCategory | undefined; duration: Duration | null; vibe: Vibe | null; ... 4 more ...; interactionHistoryCount?: number | undefined; }'.
  Types of property 'duration' are incompatible.
    Type 'Duration | null | undefined' is not assignable to type 'Duration | null'.
      Type 'undefined' is not assignable to type 'Duration | null'.
src/modules/intelligence/__tests__/scoring.service.test.ts(53,31): error TS2352: Conversion of type '{ category: "meal-drink"; duration: "Standard"; vibe: "FullMoon"; groupSize: number; }' to type 'InteractionFormData' may be a mistake because neither type sufficiently overlaps with the other. If this was intentional, convert the expression to 'unknown' first.
  Type '{ category: "meal-drink"; duration: "Standard"; vibe: "FullMoon"; groupSize: number; }' is missing the following properties from type 'InteractionFormData': friendIds, activity, date, type, and 2 more.
src/modules/intelligence/__tests__/scoring.service.test.ts(60,58): error TS2345: Argument of type 'InteractionFormData' is not assignable to parameter of type '{ interactionType?: ActivityType | undefined; category?: InteractionCategory | undefined; duration: Duration | null; vibe: Vibe | null; ... 4 more ...; interactionHistoryCount?: number | undefined; }'.
src/modules/intelligence/__tests__/scoring.service.test.ts(65,31): error TS2352: Conversion of type '{ category: "meal-drink"; duration: "Extended"; vibe: "WaxingCrescent"; groupSize: number; }' to type 'InteractionFormData' may be a mistake because neither type sufficiently overlaps with the other. If this was intentional, convert the expression to 'unknown' first.
  Type '{ category: "meal-drink"; duration: "Extended"; vibe: "WaxingCrescent"; groupSize: number; }' is missing the following properties from type 'InteractionFormData': friendIds, activity, date, type, and 2 more.
src/modules/intelligence/__tests__/scoring.service.test.ts(72,58): error TS2345: Argument of type 'InteractionFormData' is not assignable to parameter of type '{ interactionType?: ActivityType | undefined; category?: InteractionCategory | undefined; duration: Duration | null; vibe: Vibe | null; ... 4 more ...; interactionHistoryCount?: number | undefined; }'.
src/modules/intelligence/__tests__/scoring.service.test.ts(78,31): error TS2352: Conversion of type '{ category: "meal-drink"; duration: "Standard"; vibe: "WaxingCrescent"; groupSize: number; }' to type 'InteractionFormData' may be a mistake because neither type sufficiently overlaps with the other. If this was intentional, convert the expression to 'unknown' first.
  Type '{ category: "meal-drink"; duration: "Standard"; vibe: "WaxingCrescent"; groupSize: number; }' is missing the following properties from type 'InteractionFormData': friendIds, activity, date, type, and 2 more.
src/modules/intelligence/__tests__/scoring.service.test.ts(85,58): error TS2345: Argument of type 'InteractionFormData' is not assignable to parameter of type '{ interactionType?: ActivityType | undefined; category?: InteractionCategory | undefined; duration: Duration | null; vibe: Vibe | null; ... 4 more ...; interactionHistoryCount?: number | undefined; }'.
src/modules/intelligence/__tests__/scoring.service.test.ts(90,31): error TS2352: Conversion of type '{ category: "meal-drink"; duration: "Standard"; vibe: "WaxingCrescent"; groupSize: number; }' to type 'InteractionFormData' may be a mistake because neither type sufficiently overlaps with the other. If this was intentional, convert the expression to 'unknown' first.
  Type '{ category: "meal-drink"; duration: "Standard"; vibe: "WaxingCrescent"; groupSize: number; }' is missing the following properties from type 'InteractionFormData': friendIds, activity, date, type, and 2 more.
src/modules/intelligence/__tests__/scoring.service.test.ts(97,58): error TS2345: Argument of type 'InteractionFormData' is not assignable to parameter of type '{ interactionType?: ActivityType | undefined; category?: InteractionCategory | undefined; duration: Duration | null; vibe: Vibe | null; ... 4 more ...; interactionHistoryCount?: number | undefined; }'.
src/modules/intelligence/__tests__/scoring.service.test.ts(102,31): error TS2352: Conversion of type '{ category: "celebration"; duration: "Standard"; vibe: "WaxingCrescent"; groupSize: number; eventImportance: "high"; }' to type 'InteractionFormData' may be a mistake because neither type sufficiently overlaps with the other. If this was intentional, convert the expression to 'unknown' first.
  Type '{ category: "celebration"; duration: "Standard"; vibe: "WaxingCrescent"; groupSize: number; eventImportance: "high"; }' is missing the following properties from type 'InteractionFormData': friendIds, activity, date, type, and 2 more.
src/modules/intelligence/__tests__/scoring.service.test.ts(111,58): error TS2345: Argument of type 'InteractionFormData' is not assignable to parameter of type '{ interactionType?: ActivityType | undefined; category?: InteractionCategory | undefined; duration: Duration | null; vibe: Vibe | null; ... 4 more ...; interactionHistoryCount?: number | undefined; }'.
src/modules/intelligence/__tests__/scoring.service.test.ts(118,31): error TS2352: Conversion of type '{ category: "meal-drink"; duration: "Standard"; vibe: "WaxingCrescent"; groupSize: number; }' to type 'InteractionFormData' may be a mistake because neither type sufficiently overlaps with the other. If this was intentional, convert the expression to 'unknown' first.
  Type '{ category: "meal-drink"; duration: "Standard"; vibe: "WaxingCrescent"; groupSize: number; }' is missing the following properties from type 'InteractionFormData': friendIds, activity, date, type, and 2 more.
src/modules/intelligence/__tests__/scoring.service.test.ts(125,58): error TS2345: Argument of type 'InteractionFormData' is not assignable to parameter of type '{ interactionType?: ActivityType | undefined; category?: InteractionCategory | undefined; duration: Duration | null; vibe: Vibe | null; ... 4 more ...; interactionHistoryCount?: number | undefined; }'.
src/modules/intelligence/__tests__/scoring.service.test.ts(132,31): error TS2352: Conversion of type '{ category: "meal-drink"; duration: "Standard"; vibe: "WaxingCrescent"; groupSize: number; }' to type 'InteractionFormData' may be a mistake because neither type sufficiently overlaps with the other. If this was intentional, convert the expression to 'unknown' first.
  Type '{ category: "meal-drink"; duration: "Standard"; vibe: "WaxingCrescent"; groupSize: number; }' is missing the following properties from type 'InteractionFormData': friendIds, activity, date, type, and 2 more.
src/modules/intelligence/__tests__/scoring.service.test.ts(139,58): error TS2345: Argument of type 'InteractionFormData' is not assignable to parameter of type '{ interactionType?: ActivityType | undefined; category?: InteractionCategory | undefined; duration: Duration | null; vibe: Vibe | null; ... 4 more ...; interactionHistoryCount?: number | undefined; }'.
src/modules/interactions/components/plan-wizard/PlanWizardStep0.tsx(54,43): error TS2551: Property 'mutedForeground' does not exist on type '{ primary: "#92400E" | "#D4A855"; secondary: "#E7E5E4" | "#3D3539"; background: "#FDFCFA" | "#1A1618"; foreground: "#1C1917" | "#F5F2ED"; muted: "#252022" | "#FFFBEB"; 'muted-foreground': "#78716C" | "#9A9298"; ... 19 more ...; 'ring-cool': "#A8A29E" | "#6B6168"; }'. Did you mean 'muted-foreground'?
src/modules/interactions/components/plan-wizard/PlanWizardStep0.tsx(65,82): error TS2551: Property 'mutedForeground' does not exist on type '{ primary: "#92400E" | "#D4A855"; secondary: "#E7E5E4" | "#3D3539"; background: "#FDFCFA" | "#1A1618"; foreground: "#1C1917" | "#F5F2ED"; muted: "#252022" | "#FFFBEB"; 'muted-foreground': "#78716C" | "#9A9298"; ... 19 more ...; 'ring-cool': "#A8A29E" | "#6B6168"; }'. Did you mean 'muted-foreground'?
src/modules/interactions/hooks/usePlanSuggestion.ts(54,35): error TS7006: Parameter 'jf' implicitly has an 'any' type.
src/modules/interactions/hooks/useSuggestions.ts(60,55): error TS2538: Type 'undefined' cannot be used as an index type.
src/modules/interactions/hooks/useSuggestions.ts(60,81): error TS2538: Type 'undefined' cannot be used as an index type.
src/modules/interactions/hooks/useSuggestions.ts(69,36): error TS2538: Type 'undefined' cannot be used as an index type.
src/modules/interactions/hooks/useSuggestions.ts(69,62): error TS2538: Type 'undefined' cannot be used as an index type.
src/modules/interactions/hooks/useSuggestions.ts(77,47): error TS2538: Type 'undefined' cannot be used as an index type.
src/modules/interactions/hooks/useSuggestions.ts(77,73): error TS2538: Type 'undefined' cannot be used as an index type.
src/modules/interactions/hooks/useSuggestions.ts(142,9): error TS2740: Type '{ id: any; name: any; archetype: any; dunbarTier: any; createdAt: any; birthday: any; anniversary: any; relationshipType: any; }' is missing the following properties from type 'Friend': interactionFriends, tier, weaveScore, lastUpdated, and 43 more.
src/modules/interactions/hooks/useSuggestions.ts(156,9): error TS2322: Type '{ id: string; category: any; interactionDate: Date; vibe: string | undefined; notes: string | undefined; }[]' is not assignable to type 'Interaction[]'.
  Type '{ id: string; category: any; interactionDate: Date; vibe: string | undefined; notes: string | undefined; }' is missing the following properties from type 'Interaction': interactionFriends, interactionType, createdAt, updatedAt, and 38 more.
src/modules/interactions/services/calendar.service.ts(153,7): error TS2322: Type 'string | undefined' is not assignable to type 'string'.
  Type 'undefined' is not assignable to type 'string'.
src/modules/interactions/services/plan.service.ts(44,5): error TS2322: Type 'string | undefined' is not assignable to type 'Vibe | null | undefined'.
src/modules/interactions/services/plan.service.ts(45,5): error TS2322: Type 'string | undefined' is not assignable to type 'Duration | null | undefined'.
src/modules/interactions/services/plan.service.ts(46,5): error TS2322: Type 'string | undefined' is not assignable to type 'InteractionCategory | undefined'.
  Type 'string' is not assignable to type 'InteractionCategory | undefined'.
src/modules/interactions/services/smart-defaults.service.ts(144,35): error TS7006: Parameter 'jf' implicitly has an 'any' type.
